mode: set
github.com/vigmi/backend-challenge-go/internal/domain/ledger/entry.go:34.2,34.24 1 1
github.com/vigmi/backend-challenge-go/internal/domain/ledger/entry.go:36.3,36.20 1 1
github.com/vigmi/backend-challenge-go/internal/domain/ledger/entry.go:38.3,38.21 1 1
github.com/vigmi/backend-challenge-go/internal/domain/ledger/entry.go:40.3,40.88 1 1
github.com/vigmi/backend-challenge-go/internal/domain/ledger/entry.go:45.38,45.56 1 1
github.com/vigmi/backend-challenge-go/internal/domain/ledger/entry.go:72.2,72.70 1 1
github.com/vigmi/backend-challenge-go/internal/domain/ledger/entry.go:73.3,73.47 1 1
github.com/vigmi/backend-challenge-go/internal/domain/ledger/entry.go:74.4,75.1 1 1
github.com/vigmi/backend-challenge-go/internal/domain/ledger/entry.go:77.2,77.47 1 1
github.com/vigmi/backend-challenge-go/internal/domain/ledger/entry.go:78.3,79.1 1 1
github.com/vigmi/backend-challenge-go/internal/domain/ledger/entry.go:80.2,80.75 1 1
github.com/vigmi/backend-challenge-go/internal/domain/ledger/entry.go:81.3,81.42 1 1
github.com/vigmi/backend-challenge-go/internal/domain/ledger/entry.go:82.4,83.1 1 1
github.com/vigmi/backend-challenge-go/internal/domain/ledger/entry.go:85.2,85.26 1 1
github.com/vigmi/backend-challenge-go/internal/domain/ledger/entry.go:86.3,87.1 1 1
github.com/vigmi/backend-challenge-go/internal/domain/ledger/entry.go:88.2,88.95 1 1
github.com/vigmi/backend-challenge-go/internal/domain/ledger/entry.go:89.3,90.1 1 1
github.com/vigmi/backend-challenge-go/internal/domain/ledger/entry.go:91.2,91.31 1 1
github.com/vigmi/backend-challenge-go/internal/domain/ledger/entry.go:92.3,93.1 1 1
github.com/vigmi/backend-challenge-go/internal/domain/ledger/entry.go:94.2,94.24 1 1
github.com/vigmi/backend-challenge-go/internal/domain/ledger/entry.go:95.3,96.1 1 1
github.com/vigmi/backend-challenge-go/internal/domain/ledger/entry.go:98.2,107.8 1 1
github.com/vigmi/backend-challenge-go/internal/domain/ledger/entry.go:111.2,113.1 3 1
github.com/vigmi/backend-challenge-go/internal/domain/ledger/entry.go:114.2,114.25 3 1
github.com/vigmi/backend-challenge-go/internal/domain/ledger/entry.go:115.3,116.1 1 1
github.com/vigmi/backend-challenge-go/internal/domain/ledger/entry.go:117.3,118.1 1 1
github.com/vigmi/backend-challenge-go/internal/domain/ledger/entry.go:119.2,119.16 1 1
github.com/vigmi/backend-challenge-go/internal/domain/ledger/entry.go:120.3,121.1 1 1
github.com/vigmi/backend-challenge-go/internal/domain/ledger/entry.go:122.2,122.28 1 1
github.com/vigmi/backend-challenge-go/internal/domain/ledger/entry.go:123.3,125.1 1 1
github.com/vigmi/backend-challenge-go/internal/domain/ledger/entry.go:126.2,126.12 1 1
github.com/vigmi/backend-challenge-go/internal/domain/ledger/entry.go:130.2,130.25 1 1
github.com/vigmi/backend-challenge-go/internal/domain/ledger/entry.go:131.3,132.1 1 1
github.com/vigmi/backend-challenge-go/internal/domain/ledger/entry.go:133.2,133.12 1 1
github.com/vigmi/backend-challenge-go/internal/domain/ledger/entry.go:137.33,137.46 1 1
github.com/vigmi/backend-challenge-go/internal/domain/ledger/entry.go:140.39,140.58 1 1
github.com/vigmi/backend-challenge-go/internal/domain/ledger/entry.go:143.44,143.68 1 1
github.com/vigmi/backend-challenge-go/internal/domain/ledger/entry.go:146.40,146.60 1 1
github.com/vigmi/backend-challenge-go/internal/domain/ledger/entry.go:149.39,149.56 1 1
github.com/vigmi/backend-challenge-go/internal/domain/ledger/entry.go:152.46,152.70 1 1
github.com/vigmi/backend-challenge-go/internal/domain/ledger/entry.go:155.45,155.68 1 1
github.com/vigmi/backend-challenge-go/internal/domain/ledger/entry.go:158.40,158.60 1 1
github.com/vigmi/backend-challenge-go/internal/domain/shared/errors.go:35.2,35.20 1 1
github.com/vigmi/backend-challenge-go/internal/domain/shared/errors.go:36.3,37.1 1 1
github.com/vigmi/backend-challenge-go/internal/domain/shared/errors.go:38.2,38.49 1 1
github.com/vigmi/backend-challenge-go/internal/domain/shared/errors.go:42.34,42.50 1 1
github.com/vigmi/backend-challenge-go/internal/domain/shared/errors.go:46.2,47.9 2 1
github.com/vigmi/backend-challenge-go/internal/domain/shared/errors.go:48.3,49.1 1 1
github.com/vigmi/backend-challenge-go/internal/domain/shared/errors.go:50.2,50.29 1 1
github.com/vigmi/backend-challenge-go/internal/domain/shared/errors.go:55.2,58.1 3 1
github.com/vigmi/backend-challenge-go/internal/domain/shared/errors.go:62.2,65.1 3 1
github.com/vigmi/backend-challenge-go/internal/domain/shared/errors.go:68.2,69.1 1 1
github.com/vigmi/backend-challenge-go/internal/domain/shared/errors.go:72.48,72.96 1 1
github.com/vigmi/backend-challenge-go/internal/domain/shared/errors.go:75.47,75.94 1 1
github.com/vigmi/backend-challenge-go/internal/domain/shared/errors.go:78.46,78.92 1 1
github.com/vigmi/backend-challenge-go/internal/domain/shared/errors.go:81.47,81.94 1 1
github.com/vigmi/backend-challenge-go/internal/domain/shared/id.go:18.2,19.16 2 1
github.com/vigmi/backend-challenge-go/internal/domain/shared/id.go:20.3,21.1 1 1
github.com/vigmi/backend-challenge-go/internal/domain/shared/id.go:22.2,22.34 1 1
github.com/vigmi/backend-challenge-go/internal/domain/shared/id.go:27.2,27.15 1 1
github.com/vigmi/backend-challenge-go/internal/domain/shared/id.go:28.3,29.1 1 1
github.com/vigmi/backend-challenge-go/internal/domain/shared/id.go:30.2,31.16 2 1
github.com/vigmi/backend-challenge-go/internal/domain/shared/id.go:32.3,33.1 1 1
github.com/vigmi/backend-challenge-go/internal/domain/shared/id.go:34.2,34.24 1 1
github.com/vigmi/backend-challenge-go/internal/domain/shared/id.go:35.3,36.1 1 1
github.com/vigmi/backend-challenge-go/internal/domain/shared/id.go:37.2,37.31 1 1
github.com/vigmi/backend-challenge-go/internal/domain/shared/id.go:42.2,42.17 1 1
github.com/vigmi/backend-challenge-go/internal/domain/shared/id.go:43.3,44.1 1 1
github.com/vigmi/backend-challenge-go/internal/domain/shared/id.go:45.2,45.26 1 1
github.com/vigmi/backend-challenge-go/internal/domain/shared/id.go:49.30,49.59 1 1
github.com/vigmi/backend-challenge-go/internal/domain/shared/id.go:53.2,53.17 1 1
github.com/vigmi/backend-challenge-go/internal/domain/shared/id.go:54.3,55.1 1 1
github.com/vigmi/backend-challenge-go/internal/domain/shared/id.go:56.2,56.12 1 1
github.com/vigmi/backend-challenge-go/internal/domain/shared/id.go:60.37,60.69 1 1
github.com/vigmi/backend-challenge-go/internal/domain/money/currency.go:21.2,21.15 1 1
github.com/vigmi/backend-challenge-go/internal/domain/money/currency.go:22.3,23.1 1 1
github.com/vigmi/backend-challenge-go/internal/domain/money/currency.go:24.2,24.36 1 1
github.com/vigmi/backend-challenge-go/internal/domain/money/currency.go:25.3,27.1 1 1
github.com/vigmi/backend-challenge-go/internal/domain/money/currency.go:28.2,28.32 1 1
github.com/vigmi/backend-challenge-go/internal/domain/money/currency.go:29.3,29.35 1 1
github.com/vigmi/backend-challenge-go/internal/domain/money/currency.go:30.4,32.1 1 1
github.com/vigmi/backend-challenge-go/internal/domain/money/currency.go:34.2,34.27 1 1
github.com/vigmi/backend-challenge-go/internal/domain/money/currency.go:38.37,38.55 1 1
github.com/vigmi/backend-challenge-go/internal/domain/money/currency.go:41.35,41.51 1 1
github.com/vigmi/backend-challenge-go/internal/domain/money/currency.go:45.2,45.16 1 1
github.com/vigmi/backend-challenge-go/internal/domain/money/currency.go:46.3,47.1 1 1
github.com/vigmi/backend-challenge-go/internal/domain/money/currency.go:48.2,48.12 1 1
github.com/vigmi/backend-challenge-go/internal/domain/money/money.go:52.2,53.1 1 1
github.com/vigmi/backend-challenge-go/internal/domain/money/money.go:60.2,61.1 1 1
github.com/vigmi/backend-challenge-go/internal/domain/money/money.go:70.2,71.16 2 1
github.com/vigmi/backend-challenge-go/internal/domain/money/money.go:72.3,73.1 1 1
github.com/vigmi/backend-challenge-go/internal/domain/money/money.go:74.2,75.16 2 1
github.com/vigmi/backend-challenge-go/internal/domain/money/money.go:76.3,77.1 1 1
github.com/vigmi/backend-challenge-go/internal/domain/money/money.go:78.2,78.59 1 1
github.com/vigmi/backend-challenge-go/internal/domain/money/money.go:82.2,82.15 1 1
github.com/vigmi/backend-challenge-go/internal/domain/money/money.go:83.3,84.1 1 1
github.com/vigmi/backend-challenge-go/internal/domain/money/money.go:86.2,88.14 3 1
github.com/vigmi/backend-challenge-go/internal/domain/money/money.go:89.3,90.1 1 1
github.com/vigmi/backend-challenge-go/internal/domain/money/money.go:92.2,93.19 2 1
github.com/vigmi/backend-challenge-go/internal/domain/money/money.go:94.3,96.1 1 1
github.com/vigmi/backend-challenge-go/internal/domain/money/money.go:98.2,99.32 2 1
github.com/vigmi/backend-challenge-go/internal/domain/money/money.go:100.3,102.1 1 1
github.com/vigmi/backend-challenge-go/internal/domain/money/money.go:103.2,103.23 1 1
github.com/vigmi/backend-challenge-go/internal/domain/money/money.go:104.3,105.1 1 1
github.com/vigmi/backend-challenge-go/internal/domain/money/money.go:106.2,106.51 1 1
github.com/vigmi/backend-challenge-go/internal/domain/money/money.go:107.3,108.1 1 1
github.com/vigmi/backend-challenge-go/internal/domain/money/money.go:109.2,109.56 1 1
github.com/vigmi/backend-challenge-go/internal/domain/money/money.go:110.3,111.1 1 1
github.com/vigmi/backend-challenge-go/internal/domain/money/money.go:112.2,112.57 1 1
github.com/vigmi/backend-challenge-go/internal/domain/money/money.go:113.3,114.1 1 1
github.com/vigmi/backend-challenge-go/internal/domain/money/money.go:116.2,117.16 2 1
github.com/vigmi/backend-challenge-go/internal/domain/money/money.go:118.3,119.1 1 1
github.com/vigmi/backend-challenge-go/internal/domain/money/money.go:121.2,121.15 1 1
github.com/vigmi/backend-challenge-go/internal/domain/money/money.go:122.3,123.1 1 1
github.com/vigmi/backend-challenge-go/internal/domain/money/money.go:124.2,124.16 1 1
github.com/vigmi/backend-challenge-go/internal/domain/money/money.go:125.3,126.1 1 1
github.com/vigmi/backend-challenge-go/internal/domain/money/money.go:127.2,127.20 1 1
github.com/vigmi/backend-challenge-go/internal/domain/money/money.go:132.2,132.33 1 1
github.com/vigmi/backend-challenge-go/internal/domain/money/money.go:133.3,133.37 1 1
github.com/vigmi/backend-challenge-go/internal/domain/money/money.go:134.4,136.1 1 1
github.com/vigmi/backend-challenge-go/internal/domain/money/money.go:138.2,138.12 1 1
github.com/vigmi/backend-challenge-go/internal/domain/money/money.go:142.2,143.40 2 1
github.com/vigmi/backend-challenge-go/internal/domain/money/money.go:144.3,146.17 3 1
github.com/vigmi/backend-challenge-go/internal/domain/money/money.go:147.4,148.1 1 1
github.com/vigmi/backend-challenge-go/internal/domain/money/money.go:149.3,150.17 2 1
github.com/vigmi/backend-challenge-go/internal/domain/money/money.go:151.4,152.1 1 1
github.com/vigmi/backend-challenge-go/internal/domain/money/money.go:155.2,156.16 2 1
github.com/vigmi/backend-challenge-go/internal/domain/money/money.go:157.3,158.1 1 1
github.com/vigmi/backend-challenge-go/internal/domain/money/money.go:160.2,162.16 3 1
github.com/vigmi/backend-challenge-go/internal/domain/money/money.go:163.3,164.1 1 1
github.com/vigmi/backend-challenge-go/internal/domain/money/money.go:165.2,165.19 1 1
github.com/vigmi/backend-challenge-go/internal/domain/money/money.go:169.37,169.53 1 1
github.com/vigmi/backend-challenge-go/internal/domain/money/money.go:172.38,172.57 1 1
github.com/vigmi/backend-challenge-go/internal/domain/money/money.go:176.2,176.25 1 1
github.com/vigmi/backend-challenge-go/internal/domain/money/money.go:177.3,178.1 1 1
github.com/vigmi/backend-challenge-go/internal/domain/money/money.go:179.2,179.12 1 1
github.com/vigmi/backend-challenge-go/internal/domain/money/money.go:183.32,183.53 1 1
github.com/vigmi/backend-challenge-go/internal/domain/money/money.go:186.36,186.56 1 1
github.com/vigmi/backend-challenge-go/internal/domain/money/money.go:189.36,189.56 1 1
github.com/vigmi/backend-challenge-go/internal/domain/money/money.go:193.2,193.51 1 1
github.com/vigmi/backend-challenge-go/internal/domain/money/money.go:194.3,195.1 1 1
github.com/vigmi/backend-challenge-go/internal/domain/money/money.go:196.2,197.16 2 1
github.com/vigmi/backend-challenge-go/internal/domain/money/money.go:198.3,199.1 1 1
github.com/vigmi/backend-challenge-go/internal/domain/money/money.go:200.2,200.53 1 1
github.com/vigmi/backend-challenge-go/internal/domain/money/money.go:206.2,206.51 1 1
github.com/vigmi/backend-challenge-go/internal/domain/money/money.go:207.3,208.1 1 1
github.com/vigmi/backend-challenge-go/internal/domain/money/money.go:209.2,210.16 2 1
github.com/vigmi/backend-challenge-go/internal/domain/money/money.go:211.3,212.1 1 1
github.com/vigmi/backend-challenge-go/internal/domain/money/money.go:213.2,213.60 1 1
github.com/vigmi/backend-challenge-go/internal/domain/money/money.go:218.2,218.37 1 1
github.com/vigmi/backend-challenge-go/internal/domain/money/money.go:219.3,220.1 1 1
github.com/vigmi/backend-challenge-go/internal/domain/money/money.go:221.2,221.30 1 1
github.com/vigmi/backend-challenge-go/internal/domain/money/money.go:222.3,223.1 1 1
github.com/vigmi/backend-challenge-go/internal/domain/money/money.go:224.2,224.58 1 1
github.com/vigmi/backend-challenge-go/internal/domain/money/money.go:229.2,229.51 1 1
github.com/vigmi/backend-challenge-go/internal/domain/money/money.go:230.3,231.1 1 1
github.com/vigmi/backend-challenge-go/internal/domain/money/money.go:232.2,232.9 1 1
github.com/vigmi/backend-challenge-go/internal/domain/money/money.go:234.3,234.17 1 1
github.com/vigmi/backend-challenge-go/internal/domain/money/money.go:236.3,236.16 1 1
github.com/vigmi/backend-challenge-go/internal/domain/money/money.go:238.3,238.16 1 1
github.com/vigmi/backend-challenge-go/internal/domain/money/money.go:245.2,246.1 1 1
github.com/vigmi/backend-challenge-go/internal/domain/money/money.go:250.2,252.1 4 1
github.com/vigmi/backend-challenge-go/internal/domain/money/money.go:253.2,254.17 4 1
github.com/vigmi/backend-challenge-go/internal/domain/money/money.go:255.3,257.1 2 1
github.com/vigmi/backend-challenge-go/internal/domain/money/money.go:258.2,260.20 3 1
github.com/vigmi/backend-challenge-go/internal/domain/money/money.go:261.3,262.1 1 1
github.com/vigmi/backend-challenge-go/internal/domain/money/money.go:263.2,264.25 2 1
github.com/vigmi/backend-challenge-go/internal/domain/money/money.go:268.2,268.37 1 1
github.com/vigmi/backend-challenge-go/internal/domain/money/money.go:269.3,270.1 1 1
github.com/vigmi/backend-challenge-go/internal/domain/money/money.go:271.2,271.41 1 1
github.com/vigmi/backend-challenge-go/internal/domain/money/money.go:272.3,273.1 1 1
github.com/vigmi/backend-challenge-go/internal/domain/money/money.go:274.2,274.34 1 1
github.com/vigmi/backend-challenge-go/internal/domain/money/money.go:275.3,277.1 1 1
github.com/vigmi/backend-challenge-go/internal/domain/money/money.go:278.2,278.12 1 1
github.com/vigmi/backend-challenge-go/internal/domain/money/money.go:289.2,289.37 1 1
github.com/vigmi/backend-challenge-go/internal/domain/money/money.go:290.3,291.1 1 1
github.com/vigmi/backend-challenge-go/internal/domain/money/money.go:292.2,292.78 1 1
github.com/vigmi/backend-challenge-go/internal/domain/money/money.go:297.2,298.51 2 1
github.com/vigmi/backend-challenge-go/internal/domain/money/money.go:299.3,300.1 1 1
github.com/vigmi/backend-challenge-go/internal/domain/money/money.go:301.2,302.16 2 1
github.com/vigmi/backend-challenge-go/internal/domain/money/money.go:303.3,304.1 1 1
github.com/vigmi/backend-challenge-go/internal/domain/money/money.go:305.2,306.12 2 1
github.com/vigmi/backend-challenge-go/internal/domain/money/money.go:310.2,310.70 1 1
github.com/vigmi/backend-challenge-go/internal/domain/money/money.go:311.3,312.1 1 1
github.com/vigmi/backend-challenge-go/internal/domain/money/money.go:313.2,313.19 1 1
github.com/vigmi/backend-challenge-go/internal/domain/money/money.go:317.2,317.70 1 1
github.com/vigmi/backend-challenge-go/internal/domain/money/money.go:318.3,319.1 1 1
github.com/vigmi/backend-challenge-go/internal/domain/money/money.go:320.2,320.19 1 1
github.com/vigmi/backend-challenge-go/internal/domain/money/money.go:324.2,324.12 1 1
github.com/vigmi/backend-challenge-go/internal/domain/money/money.go:325.3,326.1 1 1
github.com/vigmi/backend-challenge-go/internal/domain/money/money.go:327.2,327.58 1 1
github.com/vigmi/backend-challenge-go/internal/domain/money/money.go:328.3,329.1 1 1
github.com/vigmi/backend-challenge-go/internal/domain/money/money.go:330.2,330.24 1 1
github.com/vigmi/backend-challenge-go/internal/domain/wagering/failure.go:41.40,41.58 1 1
github.com/vigmi/backend-challenge-go/internal/domain/wagering/kind.go:41.2,42.14 2 1
github.com/vigmi/backend-challenge-go/internal/domain/wagering/kind.go:44.3,44.19 1 1
github.com/vigmi/backend-challenge-go/internal/domain/wagering/kind.go:46.3,46.92 1 1
github.com/vigmi/backend-challenge-go/internal/domain/wagering/kind.go:48.3,48.71 1 1
github.com/vigmi/backend-challenge-go/internal/domain/wagering/kind.go:54.2,54.26 1 1
github.com/vigmi/backend-challenge-go/internal/domain/wagering/kind.go:55.3,56.1 1 1
github.com/vigmi/backend-challenge-go/internal/domain/wagering/kind.go:57.2,57.31 1 1
github.com/vigmi/backend-challenge-go/internal/domain/wagering/kind.go:61.33,61.51 1 1
github.com/vigmi/backend-challenge-go/internal/domain/wagering/kind.go:64.35,64.72 1 1
github.com/vigmi/backend-challenge-go/internal/domain/wagering/kind.go:70.37,70.55 1 1
github.com/vigmi/backend-challenge-go/internal/domain/wagering/kind.go:77.2,77.42 1 1
github.com/vigmi/backend-challenge-go/internal/domain/wagering/kind.go:78.3,79.1 1 1
github.com/vigmi/backend-challenge-go/internal/domain/wagering/kind.go:81.2,81.15 1 1
github.com/vigmi/backend-challenge-go/internal/domain/wagering/kind.go:82.3,82.23 1 1
github.com/vigmi/backend-challenge-go/internal/domain/wagering/kind.go:83.4,84.1 1 1
github.com/vigmi/backend-challenge-go/internal/domain/wagering/kind.go:85.3,85.13 1 1
github.com/vigmi/backend-challenge-go/internal/domain/wagering/kind.go:88.2,88.26 1 1
github.com/vigmi/backend-challenge-go/internal/domain/wagering/kind.go:89.3,90.1 1 1
github.com/vigmi/backend-challenge-go/internal/domain/wagering/kind.go:91.2,91.12 1 1
github.com/vigmi/backend-challenge-go/internal/domain/wagering/kind.go:99.2,99.9 1 1
github.com/vigmi/backend-challenge-go/internal/domain/wagering/kind.go:101.3,101.85 1 1
github.com/vigmi/backend-challenge-go/internal/domain/wagering/kind.go:103.3,103.98 1 1
github.com/vigmi/backend-challenge-go/internal/domain/wagering/kind.go:105.3,105.13 1 1
github.com/vigmi/backend-challenge-go/internal/domain/wagering/status.go:43.2,44.16 2 1
github.com/vigmi/backend-challenge-go/internal/domain/wagering/status.go:46.3,46.21 1 1
github.com/vigmi/backend-challenge-go/internal/domain/wagering/status.go:48.3,48.75 1 1
github.com/vigmi/backend-challenge-go/internal/domain/wagering/status.go:53.35,53.53 1 1
github.com/vigmi/backend-challenge-go/internal/domain/wagering/status.go:57.2,58.1 1 1
github.com/vigmi/backend-challenge-go/internal/domain/wagering/status.go:62.2,62.48 1 1
github.com/vigmi/backend-challenge-go/internal/domain/wagering/status.go:63.3,63.24 1 1
github.com/vigmi/backend-challenge-go/internal/domain/wagering/status.go:64.4,65.1 1 1
github.com/vigmi/backend-challenge-go/internal/domain/wagering/status.go:67.2,67.14 1 1
github.com/vigmi/backend-challenge-go/internal/domain/wagering/transaction.go:93.2,93.45 1 1
github.com/vigmi/backend-challenge-go/internal/domain/wagering/transaction.go:94.3,95.1 1 1
github.com/vigmi/backend-challenge-go/internal/domain/wagering/transaction.go:96.2,96.51 1 1
github.com/vigmi/backend-challenge-go/internal/domain/wagering/transaction.go:97.3,98.1 1 1
github.com/vigmi/backend-challenge-go/internal/domain/wagering/transaction.go:99.2,99.51 1 1
github.com/vigmi/backend-challenge-go/internal/domain/wagering/transaction.go:100.3,101.1 1 1
github.com/vigmi/backend-challenge-go/internal/domain/wagering/transaction.go:102.2,102.67 1 1
github.com/vigmi/backend-challenge-go/internal/domain/wagering/transaction.go:103.3,104.1 1 1
github.com/vigmi/backend-challenge-go/internal/domain/wagering/transaction.go:105.2,105.66 1 1
github.com/vigmi/backend-challenge-go/internal/domain/wagering/transaction.go:106.3,107.1 1 1
github.com/vigmi/backend-challenge-go/internal/domain/wagering/transaction.go:108.2,108.82 1 1
github.com/vigmi/backend-challenge-go/internal/domain/wagering/transaction.go:109.3,110.1 1 1
github.com/vigmi/backend-challenge-go/internal/domain/wagering/transaction.go:111.2,118.1 2 1
github.com/vigmi/backend-challenge-go/internal/domain/wagering/transaction.go:119.2,119.37 2 1
github.com/vigmi/backend-challenge-go/internal/domain/wagering/transaction.go:120.3,120.18 1 1
github.com/vigmi/backend-challenge-go/internal/domain/wagering/transaction.go:121.4,122.1 1 1
github.com/vigmi/backend-challenge-go/internal/domain/wagering/transaction.go:124.2,124.31 1 1
github.com/vigmi/backend-challenge-go/internal/domain/wagering/transaction.go:125.3,126.1 1 1
github.com/vigmi/backend-challenge-go/internal/domain/wagering/transaction.go:128.2,145.8 1 1
github.com/vigmi/backend-challenge-go/internal/domain/wagering/transaction.go:162.2,162.45 1 1
github.com/vigmi/backend-challenge-go/internal/domain/wagering/transaction.go:163.3,164.1 1 1
github.com/vigmi/backend-challenge-go/internal/domain/wagering/transaction.go:165.2,165.51 1 1
github.com/vigmi/backend-challenge-go/internal/domain/wagering/transaction.go:166.3,167.1 1 1
github.com/vigmi/backend-challenge-go/internal/domain/wagering/transaction.go:168.2,168.51 1 1
github.com/vigmi/backend-challenge-go/internal/domain/wagering/transaction.go:169.3,170.1 1 1
github.com/vigmi/backend-challenge-go/internal/domain/wagering/transaction.go:171.2,171.49 1 1
github.com/vigmi/backend-challenge-go/internal/domain/wagering/transaction.go:172.3,173.1 1 1
github.com/vigmi/backend-challenge-go/internal/domain/wagering/transaction.go:174.2,174.33 1 1
github.com/vigmi/backend-challenge-go/internal/domain/wagering/transaction.go:175.3,177.1 1 1
github.com/vigmi/backend-challenge-go/internal/domain/wagering/transaction.go:178.2,178.31 1 1
github.com/vigmi/backend-challenge-go/internal/domain/wagering/transaction.go:179.3,180.1 1 1
github.com/vigmi/backend-challenge-go/internal/domain/wagering/transaction.go:182.2,192.8 1 1
github.com/vigmi/backend-challenge-go/internal/domain/wagering/transaction.go:202.2,203.16 2 1
github.com/vigmi/backend-challenge-go/internal/domain/wagering/transaction.go:204.3,205.1 1 1
github.com/vigmi/backend-challenge-go/internal/domain/wagering/transaction.go:206.2,206.72 1 1
github.com/vigmi/backend-challenge-go/internal/domain/wagering/transaction.go:207.3,208.1 1 1
github.com/vigmi/backend-challenge-go/internal/domain/wagering/transaction.go:209.2,209.21 1 1
github.com/vigmi/backend-challenge-go/internal/domain/wagering/transaction.go:214.2,214.50 1 1
github.com/vigmi/backend-challenge-go/internal/domain/wagering/transaction.go:215.3,216.1 1 1
github.com/vigmi/backend-challenge-go/internal/domain/wagering/transaction.go:217.2,217.30 1 1
github.com/vigmi/backend-challenge-go/internal/domain/wagering/transaction.go:218.3,219.1 1 1
github.com/vigmi/backend-challenge-go/internal/domain/wagering/transaction.go:220.2,220.53 1 1
github.com/vigmi/backend-challenge-go/internal/domain/wagering/transaction.go:221.3,222.1 1 1
github.com/vigmi/backend-challenge-go/internal/domain/wagering/transaction.go:223.2,224.12 2 1
github.com/vigmi/backend-challenge-go/internal/domain/wagering/transaction.go:229.2,229.26 1 1
github.com/vigmi/backend-challenge-go/internal/domain/wagering/transaction.go:230.3,231.1 1 1
github.com/vigmi/backend-challenge-go/internal/domain/wagering/transaction.go:232.2,232.44 1 1
github.com/vigmi/backend-challenge-go/internal/domain/wagering/transaction.go:237.2,237.16 1 1
github.com/vigmi/backend-challenge-go/internal/domain/wagering/transaction.go:238.3,239.1 1 1
github.com/vigmi/backend-challenge-go/internal/domain/wagering/transaction.go:240.2,240.52 1 1
github.com/vigmi/backend-challenge-go/internal/domain/wagering/transaction.go:241.3,242.1 1 1
github.com/vigmi/backend-challenge-go/internal/domain/wagering/transaction.go:243.2,244.12 2 1
github.com/vigmi/backend-challenge-go/internal/domain/wagering/transaction.go:250.2,250.16 1 1
github.com/vigmi/backend-challenge-go/internal/domain/wagering/transaction.go:251.3,252.1 1 1
github.com/vigmi/backend-challenge-go/internal/domain/wagering/transaction.go:253.2,253.50 1 1
github.com/vigmi/backend-challenge-go/internal/domain/wagering/transaction.go:254.3,255.1 1 1
github.com/vigmi/backend-challenge-go/internal/domain/wagering/transaction.go:256.2,257.12 2 1
github.com/vigmi/backend-challenge-go/internal/domain/wagering/transaction.go:262.2,262.26 1 1
github.com/vigmi/backend-challenge-go/internal/domain/wagering/transaction.go:263.3,264.1 1 1
github.com/vigmi/backend-challenge-go/internal/domain/wagering/transaction.go:265.2,265.47 1 1
github.com/vigmi/backend-challenge-go/internal/domain/wagering/transaction.go:266.3,267.1 1 1
github.com/vigmi/backend-challenge-go/internal/domain/wagering/transaction.go:268.2,268.27 1 1
github.com/vigmi/backend-challenge-go/internal/domain/wagering/transaction.go:269.3,270.1 1 1
github.com/vigmi/backend-challenge-go/internal/domain/wagering/transaction.go:271.2,271.18 1 1
github.com/vigmi/backend-challenge-go/internal/domain/wagering/transaction.go:272.3,273.1 1 1
github.com/vigmi/backend-challenge-go/internal/domain/wagering/transaction.go:275.2,278.12 4 1
github.com/vigmi/backend-challenge-go/internal/domain/wagering/transaction.go:282.2,282.18 1 1
github.com/vigmi/backend-challenge-go/internal/domain/wagering/transaction.go:283.3,284.1 1 1
github.com/vigmi/backend-challenge-go/internal/domain/wagering/transaction.go:285.2,285.39 1 1
github.com/vigmi/backend-challenge-go/internal/domain/wagering/transaction.go:286.3,287.1 1 1
github.com/vigmi/backend-challenge-go/internal/domain/wagering/transaction.go:288.2,290.12 3 1
github.com/vigmi/backend-challenge-go/internal/domain/wagering/transaction.go:321.2,321.44 1 1
github.com/vigmi/backend-challenge-go/internal/domain/wagering/transaction.go:322.3,323.1 1 1
github.com/vigmi/backend-challenge-go/internal/domain/wagering/transaction.go:324.2,324.50 1 1
github.com/vigmi/backend-challenge-go/internal/domain/wagering/transaction.go:325.3,326.1 1 1
github.com/vigmi/backend-challenge-go/internal/domain/wagering/transaction.go:327.2,327.50 1 1
github.com/vigmi/backend-challenge-go/internal/domain/wagering/transaction.go:328.3,329.1 1 1
github.com/vigmi/backend-challenge-go/internal/domain/wagering/transaction.go:330.2,330.58 1 1
github.com/vigmi/backend-challenge-go/internal/domain/wagering/transaction.go:331.3,332.1 1 1
github.com/vigmi/backend-challenge-go/internal/domain/wagering/transaction.go:333.2,333.62 1 1
github.com/vigmi/backend-challenge-go/internal/domain/wagering/transaction.go:334.3,335.1 1 1
github.com/vigmi/backend-challenge-go/internal/domain/wagering/transaction.go:336.2,336.48 1 1
github.com/vigmi/backend-challenge-go/internal/domain/wagering/transaction.go:337.3,338.1 1 1
github.com/vigmi/backend-challenge-go/internal/domain/wagering/transaction.go:339.2,339.56 1 1
github.com/vigmi/backend-challenge-go/internal/domain/wagering/transaction.go:340.3,341.1 1 1
github.com/vigmi/backend-challenge-go/internal/domain/wagering/transaction.go:342.2,342.58 1 1
github.com/vigmi/backend-challenge-go/internal/domain/wagering/transaction.go:343.3,344.1 1 1
github.com/vigmi/backend-challenge-go/internal/domain/wagering/transaction.go:346.2,366.8 1 1
github.com/vigmi/backend-challenge-go/internal/domain/wagering/transaction.go:372.2,372.22 1 1
github.com/vigmi/backend-challenge-go/internal/domain/wagering/transaction.go:374.3,374.28 1 1
github.com/vigmi/backend-challenge-go/internal/domain/wagering/transaction.go:375.4,376.1 1 1
github.com/vigmi/backend-challenge-go/internal/domain/wagering/transaction.go:377.3,379.36 1 1
github.com/vigmi/backend-challenge-go/internal/domain/wagering/transaction.go:380.4,381.1 1 1
github.com/vigmi/backend-challenge-go/internal/domain/wagering/transaction.go:382.3,382.13 1 1
github.com/vigmi/backend-challenge-go/internal/domain/wagering/transaction.go:384.3,384.28 1 1
github.com/vigmi/backend-challenge-go/internal/domain/wagering/transaction.go:385.4,386.1 1 1
github.com/vigmi/backend-challenge-go/internal/domain/wagering/transaction.go:387.3,388.28 1 1
github.com/vigmi/backend-challenge-go/internal/domain/wagering/transaction.go:389.4,390.1 1 1
github.com/vigmi/backend-challenge-go/internal/domain/wagering/transaction.go:391.3,391.13 1 1
github.com/vigmi/backend-challenge-go/internal/domain/wagering/transaction.go:393.3,393.90 1 1
github.com/vigmi/backend-challenge-go/internal/domain/wagering/transaction.go:398.40,398.53 1 1
github.com/vigmi/backend-challenge-go/internal/domain/wagering/transaction.go:401.41,401.58 1 1
github.com/vigmi/backend-challenge-go/internal/domain/wagering/transaction.go:404.37,404.52 1 1
github.com/vigmi/backend-challenge-go/internal/domain/wagering/transaction.go:407.46,407.65 1 1
github.com/vigmi/backend-challenge-go/internal/domain/wagering/transaction.go:410.46,410.65 1 1
github.com/vigmi/backend-challenge-go/internal/domain/wagering/transaction.go:413.46,413.63 1 1
github.com/vigmi/backend-challenge-go/internal/domain/wagering/transaction.go:416.41,416.58 1 1
github.com/vigmi/backend-challenge-go/internal/domain/wagering/transaction.go:419.45,419.66 1 1
github.com/vigmi/backend-challenge-go/internal/domain/wagering/transaction.go:422.45,422.66 1 1
github.com/vigmi/backend-challenge-go/internal/domain/wagering/transaction.go:425.49,425.74 1 1
github.com/vigmi/backend-challenge-go/internal/domain/wagering/transaction.go:428.46,428.68 1 1
github.com/vigmi/backend-challenge-go/internal/domain/wagering/transaction.go:431.42,431.60 1 1
github.com/vigmi/backend-challenge-go/internal/domain/wagering/transaction.go:434.41,434.58 1 1
github.com/vigmi/backend-challenge-go/internal/domain/wagering/transaction.go:437.54,437.84 1 1
github.com/vigmi/backend-challenge-go/internal/domain/wagering/transaction.go:441.2,441.26 1 1
github.com/vigmi/backend-challenge-go/internal/domain/wagering/transaction.go:442.3,443.1 1 1
github.com/vigmi/backend-challenge-go/internal/domain/wagering/transaction.go:444.2,444.29 1 1
github.com/vigmi/backend-challenge-go/internal/domain/wagering/transaction.go:448.51,448.73 1 1
github.com/vigmi/backend-challenge-go/internal/domain/wagering/transaction.go:452.2,452.21 1 1
github.com/vigmi/backend-challenge-go/internal/domain/wagering/transaction.go:453.3,454.1 1 1
github.com/vigmi/backend-challenge-go/internal/domain/wagering/transaction.go:455.2,455.24 1 1
github.com/vigmi/backend-challenge-go/internal/domain/wagering/transaction.go:459.47,459.67 1 1
github.com/vigmi/backend-challenge-go/internal/domain/wagering/transaction.go:462.47,462.67 1 1
github.com/vigmi/backend-challenge-go/internal/domain/wallet/wallet.go:47.2,47.38 1 1
github.com/vigmi/backend-challenge-go/internal/domain/wallet/wallet.go:48.3,49.1 1 1
github.com/vigmi/backend-challenge-go/internal/domain/wallet/wallet.go:50.2,50.44 1 1
github.com/vigmi/backend-challenge-go/internal/domain/wallet/wallet.go:51.3,52.1 1 1
github.com/vigmi/backend-challenge-go/internal/domain/wallet/wallet.go:53.2,53.50 1 1
github.com/vigmi/backend-challenge-go/internal/domain/wallet/wallet.go:54.3,55.1 1 1
github.com/vigmi/backend-challenge-go/internal/domain/wallet/wallet.go:56.2,56.33 1 1
github.com/vigmi/backend-challenge-go/internal/domain/wallet/wallet.go:57.3,58.1 1 1
github.com/vigmi/backend-challenge-go/internal/domain/wallet/wallet.go:59.2,59.18 1 1
github.com/vigmi/backend-challenge-go/internal/domain/wallet/wallet.go:60.3,61.1 1 1
github.com/vigmi/backend-challenge-go/internal/domain/wallet/wallet.go:63.2,71.8 1 1
github.com/vigmi/backend-challenge-go/internal/domain/wallet/wallet.go:89.2,89.44 1 1
github.com/vigmi/backend-challenge-go/internal/domain/wallet/wallet.go:90.3,91.1 1 1
github.com/vigmi/backend-challenge-go/internal/domain/wallet/wallet.go:92.2,92.50 1 1
github.com/vigmi/backend-challenge-go/internal/domain/wallet/wallet.go:93.3,94.1 1 1
github.com/vigmi/backend-challenge-go/internal/domain/wallet/wallet.go:95.2,95.49 1 1
github.com/vigmi/backend-challenge-go/internal/domain/wallet/wallet.go:96.3,97.1 1 1
github.com/vigmi/backend-challenge-go/internal/domain/wallet/wallet.go:98.2,98.32 1 1
github.com/vigmi/backend-challenge-go/internal/domain/wallet/wallet.go:99.3,100.1 1 1
github.com/vigmi/backend-challenge-go/internal/domain/wallet/wallet.go:101.2,101.36 1 1
github.com/vigmi/backend-challenge-go/internal/domain/wallet/wallet.go:102.3,103.1 1 1
github.com/vigmi/backend-challenge-go/internal/domain/wallet/wallet.go:104.2,104.58 1 1
github.com/vigmi/backend-challenge-go/internal/domain/wallet/wallet.go:105.3,106.1 1 1
github.com/vigmi/backend-challenge-go/internal/domain/wallet/wallet.go:108.2,116.8 1 1
github.com/vigmi/backend-challenge-go/internal/domain/wallet/wallet.go:120.35,120.48 1 1
github.com/vigmi/backend-challenge-go/internal/domain/wallet/wallet.go:123.41,123.60 1 1
github.com/vigmi/backend-challenge-go/internal/domain/wallet/wallet.go:126.46,126.65 1 1
github.com/vigmi/backend-challenge-go/internal/domain/wallet/wallet.go:129.42,129.60 1 1
github.com/vigmi/backend-challenge-go/internal/domain/wallet/wallet.go:132.36,132.54 1 1
github.com/vigmi/backend-challenge-go/internal/domain/wallet/wallet.go:135.42,135.62 1 1
github.com/vigmi/backend-challenge-go/internal/domain/wallet/wallet.go:138.42,138.62 1 1
github.com/vigmi/backend-challenge-go/internal/domain/wallet/wallet.go:157.2,162.1 1 1
github.com/vigmi/backend-challenge-go/internal/domain/wallet/wallet.go:167.2,167.56 1 1
github.com/vigmi/backend-challenge-go/internal/domain/wallet/wallet.go:168.3,169.1 1 1
github.com/vigmi/backend-challenge-go/internal/domain/wallet/wallet.go:171.2,173.16 3 1
github.com/vigmi/backend-challenge-go/internal/domain/wallet/wallet.go:174.3,175.1 1 1
github.com/vigmi/backend-challenge-go/internal/domain/wallet/wallet.go:176.2,176.49 1 1
github.com/vigmi/backend-challenge-go/internal/domain/wallet/wallet.go:181.2,181.56 1 1
github.com/vigmi/backend-challenge-go/internal/domain/wallet/wallet.go:182.3,183.1 1 1
github.com/vigmi/backend-challenge-go/internal/domain/wallet/wallet.go:185.2,187.16 3 1
github.com/vigmi/backend-challenge-go/internal/domain/wallet/wallet.go:188.3,189.1 1 1
github.com/vigmi/backend-challenge-go/internal/domain/wallet/wallet.go:190.2,190.24 1 1
github.com/vigmi/backend-challenge-go/internal/domain/wallet/wallet.go:191.3,193.1 1 1
github.com/vigmi/backend-challenge-go/internal/domain/wallet/wallet.go:194.2,194.49 1 1
github.com/vigmi/backend-challenge-go/internal/domain/wallet/wallet.go:198.2,198.42 1 1
github.com/vigmi/backend-challenge-go/internal/domain/wallet/wallet.go:199.3,200.1 1 1
github.com/vigmi/backend-challenge-go/internal/domain/wallet/wallet.go:201.2,201.37 1 1
github.com/vigmi/backend-challenge-go/internal/domain/wallet/wallet.go:202.3,204.1 1 1
github.com/vigmi/backend-challenge-go/internal/domain/wallet/wallet.go:205.2,205.26 1 1
github.com/vigmi/backend-challenge-go/internal/domain/wallet/wallet.go:206.3,207.1 1 1
github.com/vigmi/backend-challenge-go/internal/domain/wallet/wallet.go:208.2,208.18 1 1
github.com/vigmi/backend-challenge-go/internal/domain/wallet/wallet.go:209.3,210.1 1 1
github.com/vigmi/backend-challenge-go/internal/domain/wallet/wallet.go:211.2,211.12 1 1
github.com/vigmi/backend-challenge-go/internal/domain/wallet/wallet.go:215.2,218.1 4 1
github.com/vigmi/backend-challenge-go/internal/domain/wallet/wallet.go:219.2,224.1 4 1
github.com/vigmi/backend-challenge-go/internal/application/usecase/idempotency.go:25.2,36.1 4 1
github.com/vigmi/backend-challenge-go/internal/application/usecase/idempotency.go:39.2,40.1 4 1
github.com/vigmi/backend-challenge-go/internal/application/usecase/idempotency.go:41.2,43.1 4 1
github.com/vigmi/backend-challenge-go/internal/application/usecase/ledger_entry.go:27.2,28.16 2 1
github.com/vigmi/backend-challenge-go/internal/application/usecase/ledger_entry.go:29.3,30.1 1 1
github.com/vigmi/backend-challenge-go/internal/application/usecase/ledger_entry.go:32.2,35.16 2 1
github.com/vigmi/backend-challenge-go/internal/application/usecase/ledger_entry.go:36.3,37.1 1 1
github.com/vigmi/backend-challenge-go/internal/application/usecase/ledger_entry.go:38.2,38.49 1 1
github.com/vigmi/backend-challenge-go/internal/application/usecase/open_wallet.go:41.2,42.1 1 1
github.com/vigmi/backend-challenge-go/internal/application/usecase/open_wallet.go:51.2,52.16 2 1
github.com/vigmi/backend-challenge-go/internal/application/usecase/open_wallet.go:53.3,54.1 1 1
github.com/vigmi/backend-challenge-go/internal/application/usecase/open_wallet.go:56.2,57.16 2 1
github.com/vigmi/backend-challenge-go/internal/application/usecase/open_wallet.go:58.3,59.1 1 1
github.com/vigmi/backend-challenge-go/internal/application/usecase/open_wallet.go:60.2,60.33 1 1
github.com/vigmi/backend-challenge-go/internal/application/usecase/open_wallet.go:61.3,63.1 1 1
github.com/vigmi/backend-challenge-go/internal/application/usecase/open_wallet.go:65.2,66.16 2 1
github.com/vigmi/backend-challenge-go/internal/application/usecase/open_wallet.go:67.3,68.1 1 1
github.com/vigmi/backend-challenge-go/internal/application/usecase/open_wallet.go:70.2,72.16 3 1
github.com/vigmi/backend-challenge-go/internal/application/usecase/open_wallet.go:73.3,74.1 1 1
github.com/vigmi/backend-challenge-go/internal/application/usecase/open_wallet.go:76.2,76.99 1 1
github.com/vigmi/backend-challenge-go/internal/application/usecase/open_wallet.go:77.3,77.68 1 1
github.com/vigmi/backend-challenge-go/internal/application/usecase/open_wallet.go:78.4,78.40 1 1
github.com/vigmi/backend-challenge-go/internal/application/usecase/open_wallet.go:79.5,82.1 1 1
github.com/vigmi/backend-challenge-go/internal/application/usecase/open_wallet.go:83.4,83.14 1 1
github.com/vigmi/backend-challenge-go/internal/application/usecase/open_wallet.go:86.3,86.30 1 1
github.com/vigmi/backend-challenge-go/internal/application/usecase/open_wallet.go:87.4,88.1 1 1
github.com/vigmi/backend-challenge-go/internal/application/usecase/open_wallet.go:89.3,89.53 1 1
github.com/vigmi/backend-challenge-go/internal/application/usecase/open_wallet.go:91.2,91.16 1 1
github.com/vigmi/backend-challenge-go/internal/application/usecase/open_wallet.go:92.3,93.1 1 1
github.com/vigmi/backend-challenge-go/internal/application/usecase/open_wallet.go:95.2,95.46 1 1
github.com/vigmi/backend-challenge-go/internal/application/usecase/open_wallet.go:105.2,106.16 2 1
github.com/vigmi/backend-challenge-go/internal/application/usecase/open_wallet.go:107.3,108.1 1 1
github.com/vigmi/backend-challenge-go/internal/application/usecase/open_wallet.go:110.2,120.16 2 1
github.com/vigmi/backend-challenge-go/internal/application/usecase/open_wallet.go:121.3,122.1 1 1
github.com/vigmi/backend-challenge-go/internal/application/usecase/open_wallet.go:123.2,123.73 1 1
github.com/vigmi/backend-challenge-go/internal/application/usecase/open_wallet.go:124.3,125.1 1 1
github.com/vigmi/backend-challenge-go/internal/application/usecase/open_wallet.go:127.2,128.90 1 1
github.com/vigmi/backend-challenge-go/internal/application/usecase/process_transaction.go:55.2,56.1 1 1
github.com/vigmi/backend-challenge-go/internal/application/usecase/process_transaction.go:78.2,79.16 2 1
github.com/vigmi/backend-challenge-go/internal/application/usecase/process_transaction.go:80.3,81.1 1 1
github.com/vigmi/backend-challenge-go/internal/application/usecase/process_transaction.go:83.2,84.99 2 1
github.com/vigmi/backend-challenge-go/internal/application/usecase/process_transaction.go:85.3,86.17 2 1
github.com/vigmi/backend-challenge-go/internal/application/usecase/process_transaction.go:87.4,88.1 1 1
github.com/vigmi/backend-challenge-go/internal/application/usecase/process_transaction.go:90.3,91.17 2 1
github.com/vigmi/backend-challenge-go/internal/application/usecase/process_transaction.go:92.4,93.1 1 1
github.com/vigmi/backend-challenge-go/internal/application/usecase/process_transaction.go:94.3,94.12 1 1
github.com/vigmi/backend-challenge-go/internal/application/usecase/process_transaction.go:95.4,97.1 2 1
github.com/vigmi/backend-challenge-go/internal/application/usecase/process_transaction.go:99.3,100.13 2 1
github.com/vigmi/backend-challenge-go/internal/application/usecase/process_transaction.go:102.2,102.16 1 1
github.com/vigmi/backend-challenge-go/internal/application/usecase/process_transaction.go:103.3,104.1 1 1
github.com/vigmi/backend-challenge-go/internal/application/usecase/process_transaction.go:105.2,105.20 1 1
github.com/vigmi/backend-challenge-go/internal/application/usecase/process_transaction.go:109.2,109.34 1 1
github.com/vigmi/backend-challenge-go/internal/application/usecase/process_transaction.go:110.3,111.1 1 1
github.com/vigmi/backend-challenge-go/internal/application/usecase/process_transaction.go:112.2,112.30 1 1
github.com/vigmi/backend-challenge-go/internal/application/usecase/process_transaction.go:113.3,114.1 1 1
github.com/vigmi/backend-challenge-go/internal/application/usecase/process_transaction.go:115.2,115.41 1 1
github.com/vigmi/backend-challenge-go/internal/application/usecase/process_transaction.go:116.3,117.1 1 1
github.com/vigmi/backend-challenge-go/internal/application/usecase/process_transaction.go:119.2,120.16 2 1
github.com/vigmi/backend-challenge-go/internal/application/usecase/process_transaction.go:121.3,122.1 1 1
github.com/vigmi/backend-challenge-go/internal/application/usecase/process_transaction.go:123.2,124.16 2 1
github.com/vigmi/backend-challenge-go/internal/application/usecase/process_transaction.go:125.3,126.1 1 1
github.com/vigmi/backend-challenge-go/internal/application/usecase/process_transaction.go:127.2,128.16 2 1
github.com/vigmi/backend-challenge-go/internal/application/usecase/process_transaction.go:129.3,130.1 1 1
github.com/vigmi/backend-challenge-go/internal/application/usecase/process_transaction.go:131.2,132.16 2 1
github.com/vigmi/backend-challenge-go/internal/application/usecase/process_transaction.go:133.3,134.1 1 1
github.com/vigmi/backend-challenge-go/internal/application/usecase/process_transaction.go:135.2,135.52 1 1
github.com/vigmi/backend-challenge-go/internal/application/usecase/process_transaction.go:136.3,137.1 1 1
github.com/vigmi/backend-challenge-go/internal/application/usecase/process_transaction.go:138.2,138.87 1 1
github.com/vigmi/backend-challenge-go/internal/application/usecase/process_transaction.go:139.3,140.1 1 1
github.com/vigmi/backend-challenge-go/internal/application/usecase/process_transaction.go:142.2,149.8 1 1
github.com/vigmi/backend-challenge-go/internal/application/usecase/process_transaction.go:158.2,159.1 3 1
github.com/vigmi/backend-challenge-go/internal/application/usecase/process_transaction.go:160.2,161.9 3 1
github.com/vigmi/backend-challenge-go/internal/application/usecase/process_transaction.go:163.3,163.44 1 1
github.com/vigmi/backend-challenge-go/internal/application/usecase/process_transaction.go:164.4,166.1 1 1
github.com/vigmi/backend-challenge-go/internal/application/usecase/process_transaction.go:167.3,167.39 1 1
github.com/vigmi/backend-challenge-go/internal/application/usecase/process_transaction.go:169.3,169.41 1 1
github.com/vigmi/backend-challenge-go/internal/application/usecase/process_transaction.go:174.2,175.9 2 1
github.com/vigmi/backend-challenge-go/internal/application/usecase/process_transaction.go:177.3,179.94 1 1
github.com/vigmi/backend-challenge-go/internal/application/usecase/process_transaction.go:181.3,181.41 1 1
github.com/vigmi/backend-challenge-go/internal/application/usecase/process_transaction.go:184.2,184.40 1 1
github.com/vigmi/backend-challenge-go/internal/application/usecase/process_transaction.go:193.2,198.1 2 1
github.com/vigmi/backend-challenge-go/internal/application/usecase/process_transaction.go:199.2,199.44 2 1
github.com/vigmi/backend-challenge-go/internal/application/usecase/process_transaction.go:200.3,202.1 2 1
github.com/vigmi/backend-challenge-go/internal/application/usecase/process_transaction.go:203.2,203.15 1 1
github.com/vigmi/backend-challenge-go/internal/application/usecase/process_transaction.go:212.2,213.16 2 1
github.com/vigmi/backend-challenge-go/internal/application/usecase/process_transaction.go:214.3,215.1 1 1
github.com/vigmi/backend-challenge-go/internal/application/usecase/process_transaction.go:217.2,233.16 3 1
github.com/vigmi/backend-challenge-go/internal/application/usecase/process_transaction.go:234.3,235.1 1 1
github.com/vigmi/backend-challenge-go/internal/application/usecase/process_transaction.go:237.2,237.47 1 1
github.com/vigmi/backend-challenge-go/internal/application/usecase/process_transaction.go:238.3,239.1 1 1
github.com/vigmi/backend-challenge-go/internal/application/usecase/process_transaction.go:240.2,240.51 1 1
github.com/vigmi/backend-challenge-go/internal/application/usecase/process_transaction.go:241.3,242.1 1 1
github.com/vigmi/backend-challenge-go/internal/application/usecase/process_transaction.go:244.2,244.30 1 1
github.com/vigmi/backend-challenge-go/internal/application/usecase/process_transaction.go:245.3,246.1 1 1
github.com/vigmi/backend-challenge-go/internal/application/usecase/process_transaction.go:247.2,247.76 1 1
github.com/vigmi/backend-challenge-go/internal/application/usecase/process_transaction.go:259.2,259.21 1 1
github.com/vigmi/backend-challenge-go/internal/application/usecase/process_transaction.go:261.3,261.91 1 1
github.com/vigmi/backend-challenge-go/internal/application/usecase/process_transaction.go:263.3,263.92 1 1
github.com/vigmi/backend-challenge-go/internal/application/usecase/process_transaction.go:266.3,266.69 1 1
github.com/vigmi/backend-challenge-go/internal/application/usecase/process_transaction.go:280.2,282.16 2 1
github.com/vigmi/backend-challenge-go/internal/application/usecase/process_transaction.go:283.3,283.39 1 1
github.com/vigmi/backend-challenge-go/internal/application/usecase/process_transaction.go:286.4,287.1 1 1
github.com/vigmi/backend-challenge-go/internal/application/usecase/process_transaction.go:288.3,288.34 1 1
github.com/vigmi/backend-challenge-go/internal/application/usecase/process_transaction.go:292.2,292.38 1 1
github.com/vigmi/backend-challenge-go/internal/application/usecase/process_transaction.go:293.3,294.1 1 1
github.com/vigmi/backend-challenge-go/internal/application/usecase/process_transaction.go:295.2,295.58 1 1
github.com/vigmi/backend-challenge-go/internal/application/usecase/process_transaction.go:296.3,297.1 1 1
github.com/vigmi/backend-challenge-go/internal/application/usecase/process_transaction.go:301.2,302.16 2 1
github.com/vigmi/backend-challenge-go/internal/application/usecase/process_transaction.go:303.3,304.1 1 1
github.com/vigmi/backend-challenge-go/internal/application/usecase/process_transaction.go:305.2,305.14 1 1
github.com/vigmi/backend-challenge-go/internal/application/usecase/process_transaction.go:306.3,307.1 1 1
github.com/vigmi/backend-challenge-go/internal/application/usecase/process_transaction.go:309.2,309.74 1 1
github.com/vigmi/backend-challenge-go/internal/application/usecase/process_transaction.go:310.3,311.1 1 1
github.com/vigmi/backend-challenge-go/internal/application/usecase/process_transaction.go:313.2,314.38 2 1
github.com/vigmi/backend-challenge-go/internal/application/usecase/process_transaction.go:316.3,317.1 1 1
github.com/vigmi/backend-challenge-go/internal/application/usecase/process_transaction.go:318.2,318.87 1 1
github.com/vigmi/backend-challenge-go/internal/application/usecase/process_transaction.go:323.2,323.46 1 1
github.com/vigmi/backend-challenge-go/internal/application/usecase/process_transaction.go:324.3,325.1 1 1
github.com/vigmi/backend-challenge-go/internal/application/usecase/process_transaction.go:326.2,326.57 1 1
github.com/vigmi/backend-challenge-go/internal/application/usecase/process_transaction.go:327.3,328.1 1 1
github.com/vigmi/backend-challenge-go/internal/application/usecase/process_transaction.go:331.2,334.44 1 1
github.com/vigmi/backend-challenge-go/internal/application/usecase/process_transaction.go:335.3,336.1 1 1
github.com/vigmi/backend-challenge-go/internal/application/usecase/process_transaction.go:337.2,337.18 1 1
github.com/vigmi/backend-challenge-go/internal/application/usecase/process_transaction.go:343.2,343.33 1 1
github.com/vigmi/backend-challenge-go/internal/application/usecase/process_transaction.go:344.3,345.1 1 1
github.com/vigmi/backend-challenge-go/internal/application/usecase/process_transaction.go:346.2,346.98 1 1
github.com/vigmi/backend-challenge-go/internal/application/usecase/process_transaction.go:359.2,363.32 2 1
github.com/vigmi/backend-challenge-go/internal/application/usecase/process_transaction.go:364.3,365.1 1 1
github.com/vigmi/backend-challenge-go/internal/application/usecase/process_transaction.go:366.3,367.1 1 1
github.com/vigmi/backend-challenge-go/internal/application/usecase/process_transaction.go:368.2,368.16 1 1
github.com/vigmi/backend-challenge-go/internal/application/usecase/process_transaction.go:369.3,369.50 1 1
github.com/vigmi/backend-challenge-go/internal/application/usecase/process_transaction.go:370.4,371.1 1 1
github.com/vigmi/backend-challenge-go/internal/application/usecase/process_transaction.go:372.3,372.34 1 1
github.com/vigmi/backend-challenge-go/internal/application/usecase/process_transaction.go:375.2,378.9 1 1
github.com/vigmi/backend-challenge-go/internal/application/usecase/process_transaction.go:384.2,384.23 1 1
github.com/vigmi/backend-challenge-go/internal/application/usecase/process_transaction.go:385.3,386.1 1 1
github.com/vigmi/backend-challenge-go/internal/application/usecase/process_transaction.go:387.2,387.42 1 1
github.com/vigmi/backend-challenge-go/internal/application/usecase/process_transaction.go:406.2,409.22 1 1
github.com/vigmi/backend-challenge-go/internal/application/usecase/process_transaction.go:410.3,411.1 1 1
github.com/vigmi/backend-challenge-go/internal/application/usecase/process_transaction.go:412.2,412.77 1 1
github.com/vigmi/backend-challenge-go/internal/application/usecase/process_transaction.go:413.3,414.1 1 1
github.com/vigmi/backend-challenge-go/internal/application/usecase/process_transaction.go:416.2,416.20 1 1
github.com/vigmi/backend-challenge-go/internal/application/usecase/process_transaction.go:417.3,419.17 2 1
github.com/vigmi/backend-challenge-go/internal/application/usecase/process_transaction.go:420.4,421.1 1 1
github.com/vigmi/backend-challenge-go/internal/application/usecase/process_transaction.go:422.3,422.75 1 1
github.com/vigmi/backend-challenge-go/internal/application/usecase/process_transaction.go:423.4,424.1 1 1
github.com/vigmi/backend-challenge-go/internal/application/usecase/process_transaction.go:427.2,432.8 1 1
github.com/vigmi/backend-challenge-go/internal/application/usecase/process_transaction.go:446.2,446.54 1 1
github.com/vigmi/backend-challenge-go/internal/application/usecase/process_transaction.go:447.3,448.1 1 1
github.com/vigmi/backend-challenge-go/internal/application/usecase/process_transaction.go:449.2,449.77 1 1
github.com/vigmi/backend-challenge-go/internal/application/usecase/process_transaction.go:450.3,451.1 1 1
github.com/vigmi/backend-challenge-go/internal/application/usecase/process_transaction.go:453.2,457.8 1 1
github.com/vigmi/backend-challenge-go/internal/application/usecase/process_transaction.go:467.2,467.62 1 1
github.com/vigmi/backend-challenge-go/internal/application/usecase/process_transaction.go:468.3,469.1 1 1
github.com/vigmi/backend-challenge-go/internal/application/usecase/process_transaction.go:470.2,470.77 1 1
github.com/vigmi/backend-challenge-go/internal/application/usecase/process_transaction.go:471.3,472.1 1 1
github.com/vigmi/backend-challenge-go/internal/application/usecase/process_transaction.go:474.2,477.8 1 1
github.com/vigmi/backend-challenge-go/internal/application/usecase/reconcile_wallet.go:29.2,30.1 1 1
github.com/vigmi/backend-challenge-go/internal/application/usecase/reconcile_wallet.go:41.2,42.1 2 1
github.com/vigmi/backend-challenge-go/internal/application/usecase/reconcile_wallet.go:43.2,43.108 2 1
github.com/vigmi/backend-challenge-go/internal/application/usecase/reconcile_wallet.go:44.3,45.17 2 1
github.com/vigmi/backend-challenge-go/internal/application/usecase/reconcile_wallet.go:46.4,47.1 1 1
github.com/vigmi/backend-challenge-go/internal/application/usecase/reconcile_wallet.go:49.3,50.17 2 1
github.com/vigmi/backend-challenge-go/internal/application/usecase/reconcile_wallet.go:51.4,52.1 1 1
github.com/vigmi/backend-challenge-go/internal/application/usecase/reconcile_wallet.go:55.3,55.19 1 1
github.com/vigmi/backend-challenge-go/internal/application/usecase/reconcile_wallet.go:56.4,57.1 1 1
github.com/vigmi/backend-challenge-go/internal/application/usecase/reconcile_wallet.go:59.3,60.17 2 1
github.com/vigmi/backend-challenge-go/internal/application/usecase/reconcile_wallet.go:61.4,62.1 1 1
github.com/vigmi/backend-challenge-go/internal/application/usecase/reconcile_wallet.go:64.3,71.1 2 1
github.com/vigmi/backend-challenge-go/internal/application/usecase/reconcile_wallet.go:72.3,72.13 2 1
github.com/vigmi/backend-challenge-go/internal/application/usecase/reconcile_wallet.go:74.2,74.16 1 1
github.com/vigmi/backend-challenge-go/internal/application/usecase/reconcile_wallet.go:75.3,76.1 1 1
github.com/vigmi/backend-challenge-go/internal/application/usecase/reconcile_wallet.go:77.2,77.20 1 1
